05-17 02:09:29 com_github_MitjaNemec_SaveRestoreLayout.action_save_restore_layout 172:Plugin executed on: 'win32'
05-17 02:09:29 com_github_MitjaNemec_SaveRestoreLayout.action_save_restore_layout 173:Plugin executed with python version: '3.9.14 (main, Sep 19 2022, 05:11:57) [MSC v.1932 64 bit (AMD64)]'
05-17 02:09:29 com_github_MitjaNemec_SaveRestoreLayout.action_save_restore_layout 174:KiCad build version: (6.0.8)
05-17 02:09:29 com_github_MitjaNemec_SaveRestoreLayout.action_save_restore_layout 175:Plugin version: 1.1.11
05-17 02:09:29 com_github_MitjaNemec_SaveRestoreLayout.action_save_restore_layout 176:Frame repr: <wx._core.Frame object at 0x0000023E4306B4C0>
05-17 02:09:29 com_github_MitjaNemec_SaveRestoreLayout.action_save_restore_layout 194:Anchor footprint reference is 'L2'
05-17 02:09:30 com_github_MitjaNemec_SaveRestoreLayout.action_save_restore_layout 203:Save layout chosen
05-17 02:09:30 com_github_MitjaNemec_SaveRestoreLayout.save_restore_layout 333:Working on C:/Users/Karol/Documents/GitHub/WHEEL-07/PCB/WHEEL-07/WHEEL-07.kicad_pcb
05-17 02:09:30 com_github_MitjaNemec_SaveRestoreLayout.save_restore_layout 132:getting a list of all footprints on board
05-17 02:09:30 com_github_MitjaNemec_SaveRestoreLayout.save_restore_layout 151:Footprint kibuzzard-64076DC9 does not have Sheetfile property, it will not be considered for placement. Most likely it is only in layout
05-17 02:09:30 com_github_MitjaNemec_SaveRestoreLayout.save_restore_layout 151:Footprint kibuzzard-64135F75 does not have Sheetfile property, it will not be considered for placement. Most likely it is only in layout
05-17 02:09:30 com_github_MitjaNemec_SaveRestoreLayout.save_restore_layout 151:Footprint kibuzzard-64135F81 does not have Sheetfile property, it will not be considered for placement. Most likely it is only in layout
05-17 02:09:30 com_github_MitjaNemec_SaveRestoreLayout.save_restore_layout 151:Footprint kibuzzard-64076DF0 does not have Sheetfile property, it will not be considered for placement. Most likely it is only in layout
05-17 02:09:30 com_github_MitjaNemec_SaveRestoreLayout.save_restore_layout 151:Footprint kibuzzard-64076DFA does not have Sheetfile property, it will not be considered for placement. Most likely it is only in layout
05-17 02:09:30 com_github_MitjaNemec_SaveRestoreLayout.save_restore_layout 151:Footprint kibuzzard-64137017 does not have Sheetfile property, it will not be considered for placement. Most likely it is only in layout
05-17 02:09:30 com_github_MitjaNemec_SaveRestoreLayout.save_restore_layout 151:Footprint kibuzzard-64076E40 does not have Sheetfile property, it will not be considered for placement. Most likely it is only in layout
05-17 02:09:30 com_github_MitjaNemec_SaveRestoreLayout.save_restore_layout 151:Footprint kibuzzard-64076F6A does not have Sheetfile property, it will not be considered for placement. Most likely it is only in layout
05-17 02:09:30 com_github_MitjaNemec_SaveRestoreLayout.save_restore_layout 151:Footprint kibuzzard-6414F4C6 does not have Sheetfile property, it will not be considered for placement. Most likely it is only in layout
05-17 02:09:30 com_github_MitjaNemec_SaveRestoreLayout.save_restore_layout 151:Footprint kibuzzard-64076DD2 does not have Sheetfile property, it will not be considered for placement. Most likely it is only in layout
05-17 02:09:30 com_github_MitjaNemec_SaveRestoreLayout.save_restore_layout 338:Saving the current board temporary in order to leave current layout intact
05-17 02:09:30 com_github_MitjaNemec_SaveRestoreLayout.save_restore_layout 344:Saving board as tempfile: C:\Users\Karol\AppData\Local\Temp\temp_board_file_for_save.kicad_pcb
05-17 02:09:31 com_github_MitjaNemec_SaveRestoreLayout.save_restore_layout 349:Loaded temp boardfile: C:\Users\Karol\AppData\Local\Temp\temp_board_file_for_save.kicad_pcb
05-17 02:09:31 com_github_MitjaNemec_SaveRestoreLayout.save_restore_layout 350:Get project schematics and layout data
05-17 02:09:31 com_github_MitjaNemec_SaveRestoreLayout.save_restore_layout 132:getting a list of all footprints on board
05-17 02:09:31 com_github_MitjaNemec_SaveRestoreLayout.save_restore_layout 151:Footprint kibuzzard-64076DC9 does not have Sheetfile property, it will not be considered for placement. Most likely it is only in layout
05-17 02:09:31 com_github_MitjaNemec_SaveRestoreLayout.save_restore_layout 151:Footprint kibuzzard-64135F75 does not have Sheetfile property, it will not be considered for placement. Most likely it is only in layout
05-17 02:09:31 com_github_MitjaNemec_SaveRestoreLayout.save_restore_layout 151:Footprint kibuzzard-64135F81 does not have Sheetfile property, it will not be considered for placement. Most likely it is only in layout
05-17 02:09:31 com_github_MitjaNemec_SaveRestoreLayout.save_restore_layout 151:Footprint kibuzzard-64076DF0 does not have Sheetfile property, it will not be considered for placement. Most likely it is only in layout
05-17 02:09:31 com_github_MitjaNemec_SaveRestoreLayout.save_restore_layout 151:Footprint kibuzzard-64076DFA does not have Sheetfile property, it will not be considered for placement. Most likely it is only in layout
05-17 02:09:31 com_github_MitjaNemec_SaveRestoreLayout.save_restore_layout 151:Footprint kibuzzard-64137017 does not have Sheetfile property, it will not be considered for placement. Most likely it is only in layout
05-17 02:09:31 com_github_MitjaNemec_SaveRestoreLayout.save_restore_layout 151:Footprint kibuzzard-64076E40 does not have Sheetfile property, it will not be considered for placement. Most likely it is only in layout
05-17 02:09:31 com_github_MitjaNemec_SaveRestoreLayout.save_restore_layout 151:Footprint kibuzzard-64076F6A does not have Sheetfile property, it will not be considered for placement. Most likely it is only in layout
05-17 02:09:31 com_github_MitjaNemec_SaveRestoreLayout.save_restore_layout 151:Footprint kibuzzard-6414F4C6 does not have Sheetfile property, it will not be considered for placement. Most likely it is only in layout
05-17 02:09:31 com_github_MitjaNemec_SaveRestoreLayout.save_restore_layout 151:Footprint kibuzzard-64076DD2 does not have Sheetfile property, it will not be considered for placement. Most likely it is only in layout
05-17 02:09:36 com_github_MitjaNemec_SaveRestoreLayout.action_save_restore_layout 250:Saving the layout in 'C:\\Users\\Karol\\Documents\\GitHub\\WHEEL-07\\PCB\\WHEEL-07\\power_a.pckl' for level 0
05-17 02:09:36 com_github_MitjaNemec_SaveRestoreLayout.save_restore_layout 361:Saving layout for level: ['POWER']
05-17 02:09:36 com_github_MitjaNemec_SaveRestoreLayout.save_restore_layout 362:Calculating hash of the layout schematics
05-17 02:09:36 com_github_MitjaNemec_SaveRestoreLayout.save_restore_layout 366:Saving hash for files: ['File: power.kicad_sch']
05-17 02:09:36 com_github_MitjaNemec_SaveRestoreLayout.save_restore_layout 370:===RCP HACKFile: power.kicad_sch
05-17 02:09:36 root 379:Source footprints are: ['C15', 'IC2', 'C13', 'R11', 'C21', 'R9', 'C14', 'R8', 'R7', 'C16', 'L2', 'C22', 'Q1', 'C20', 'IC3', 'R10', 'C18', 'F1', 'C17', 'C19']
05-17 02:09:36 com_github_MitjaNemec_SaveRestoreLayout.save_restore_layout 390:Removing everything else from the layout
05-17 02:09:36 com_github_MitjaNemec_SaveRestoreLayout.save_restore_layout 457:Removing text
05-17 02:09:36 com_github_MitjaNemec_SaveRestoreLayout.save_restore_layout 436:Removing drawing
05-17 02:09:36 com_github_MitjaNemec_SaveRestoreLayout.save_restore_layout 478:Removing zones
05-17 02:09:36 com_github_MitjaNemec_SaveRestoreLayout.save_restore_layout 497:Removing tracks
05-17 02:09:36 com_github_MitjaNemec_SaveRestoreLayout.save_restore_layout 499:Bounding box points: (52872000, 84178000, 149524000, 164447000)
05-17 02:09:36 com_github_MitjaNemec_SaveRestoreLayout.save_restore_layout 520:Removing footprints
05-17 02:09:36 com_github_MitjaNemec_SaveRestoreLayout.save_restore_layout 408:Saving layout in temporary file
05-17 02:09:36 com_github_MitjaNemec_SaveRestoreLayout.save_restore_layout 412:Reading layout as text
05-17 02:09:36 com_github_MitjaNemec_SaveRestoreLayout.save_restore_layout 419:Saving layout data
05-17 02:09:36 com_github_MitjaNemec_SaveRestoreLayout.save_restore_layout 433:Successfully saved the layout
